<?xml version="1.0" encoding="UTF-8"?>
<!-- Generated by org.testng.reporters.JUnitReportReporter -->
<testsuite hostname="DESKTOP-MC67K9O" name="runners.testrunner" tests="10" failures="0" timestamp="16 Jan 2023 23:05:28 GMT" time="10.462" errors="0">
  <testcase name="runScenario" time="0.654" classname="runners.testrunner"/>
  <testcase name="runScenario" time="1.528" classname="runners.testrunner"/>
  <testcase name="runScenario" time="0.849" classname="runners.testrunner"/>
  <testcase name="runScenario" time="0.731" classname="runners.testrunner"/>
  <testcase name="runScenario" time="0.988" classname="runners.testrunner"/>
  <testcase name="runScenario" time="0.703" classname="runners.testrunner"/>
  <testcase name="runScenario" time="3.001" classname="runners.testrunner"/>
  <testcase name="runScenario" time="0.646" classname="runners.testrunner"/>
  <testcase name="runScenario" time="0.672" classname="runners.testrunner"/>
  <testcase name="runScenario" time="0.690" classname="runners.testrunner"/>
</testsuite> <!-- runners.testrunner -->
